<?xml version="1.0" encoding="UTF-8"?>
<con:soapui-project id="e4d1b848-48a0-4799-9f21-7e3ed2c689ae" activeEnvironment="Default" name="test_airweb" resourceRoot="" soapui-version="5.7.0" abortOnError="false" runType="SEQUENTIAL" xmlns:con="http://eviware.com/soapui/config"><con:settings/><con:interface xsi:type="con:RestService" id="ff27e377-7315-46e4-a7ea-56497edee25e" wadlVersion="http://wadl.dev.java.net/2009/02" name="http://localhost:3000" type="rest" xmlns:xsi="http://www.w3.org/2001/XMLSchema-instance"><con:settings/><con:definitionCache/><con:endpoints><con:endpoint>http://localhost:3000</con:endpoint></con:endpoints><con:resource name="Login2" path="/login" id="aecf3123-c5e2-47f6-a199-cc08b7fa890b"><con:settings/><con:parameters/><con:method name="Login" id="aa148131-9b71-4974-aca2-4d7b7b367d95" method="GET"><con:settings/><con:parameters><con:parameter><con:name>password</con:name><con:value>bonjour</con:value><con:style>HEADER</con:style><con:default>bonjour</con:default></con:parameter><con:parameter><con:name>login</con:name><con:value>vincent@airweb.fr</con:value><con:style>HEADER</con:style><con:default>vincent@airweb.fr</con:default></con:parameter></con:parameters><con:representation type="FAULT"><con:mediaType>application/json; charset=utf-8</con:mediaType><con:status>404</con:status><con:params/><con:element xmlns:log="http://localhost/login2">log:Fault</con:element></con:representation><con:representation type="RESPONSE"><con:mediaType>text/html; charset=utf-8</con:mediaType><con:status>200</con:status><con:params/><con:element>html</con:element></con:representation><con:request name="login vincent" id="6d9444b7-c17a-45b3-8f07-fab630b9395f" mediaType="application/json"><con:settings><con:setting id="com.eviware.soapui.impl.wsdl.WsdlRequest@request-headers">&lt;xml-fragment/></con:setting></con:settings><con:endpoint>http://localhost:3000</con:endpoint><con:request/><con:originalUri>http://localhost/login2</con:originalUri><con:credentials><con:authType>No Authorization</con:authType></con:credentials><con:jmsConfig JMSDeliveryMode="PERSISTENT"/><con:jmsPropertyConfig/><con:parameters>
  <con:entry key="password" value="bonjour"/>
  <con:entry key="login" value="vincent@airweb.fr"/>
</con:parameters><con:parameterOrder><con:entry>password</con:entry><con:entry>login</con:entry></con:parameterOrder></con:request><con:request name="login wrong" id="6d9444b7-c17a-45b3-8f07-fab630b9395f" mediaType="application/json"><con:settings><con:setting id="com.eviware.soapui.impl.wsdl.WsdlRequest@request-headers">&lt;xml-fragment/></con:setting></con:settings><con:endpoint>http://localhost:3000</con:endpoint><con:request/><con:originalUri>http://localhost/login2</con:originalUri><con:credentials><con:authType>No Authorization</con:authType></con:credentials><con:jmsConfig JMSDeliveryMode="PERSISTENT"/><con:jmsPropertyConfig/><con:parameters>
  <con:entry key="password" value="bonj"/>
  <con:entry key="login" value="vin@airweb.fr"/>
</con:parameters><con:parameterOrder><con:entry>password</con:entry><con:entry>login</con:entry></con:parameterOrder></con:request></con:method></con:resource><con:resource name="Products" path="/products" id="96f18bdf-8681-4e83-b04f-0d32b0bb1acb"><con:settings/><con:parameters/><con:method name="Products 1" id="9e5d7450-d65c-4d7b-9e3e-b93f8e5a87c3" method="GET"><con:settings/><con:parameters><con:parameter><con:name>login</con:name><con:value>vincent@airweb.fr</con:value><con:style>HEADER</con:style><con:default>vincent@airweb.fr</con:default><con:description xsi:nil="true"/></con:parameter><con:parameter><con:name>password</con:name><con:value>Bonjour</con:value><con:style>HEADER</con:style><con:default>Bonjour</con:default><con:description xsi:nil="true"/></con:parameter></con:parameters><con:representation type="RESPONSE"><con:mediaType>text/html; charset=utf-8</con:mediaType><con:status>200</con:status><con:params/><con:element>html</con:element></con:representation><con:request name="products unidentified" id="ddb939db-9f90-4419-9815-d5df8054c3ab" mediaType="application/json"><con:settings><con:setting id="com.eviware.soapui.impl.wsdl.WsdlRequest@request-headers">&lt;xml-fragment/></con:setting></con:settings><con:endpoint>http://localhost:3000</con:endpoint><con:request/><con:originalUri>http://localhost/products</con:originalUri><con:credentials><con:authType>No Authorization</con:authType></con:credentials><con:jmsConfig JMSDeliveryMode="PERSISTENT"/><con:jmsPropertyConfig/><con:parameters>
  <con:entry key="password" value="Bon"/>
  <con:entry key="login" value="vincent@air"/>
</con:parameters><con:parameterOrder><con:entry>login</con:entry><con:entry>password</con:entry></con:parameterOrder></con:request><con:request name="product authentificated" id="a3033834-898c-4144-8f5b-5932b5b59e39" mediaType="application/json"><con:settings><con:setting id="com.eviware.soapui.impl.wsdl.WsdlRequest@request-headers">&lt;xml-fragment xmlns:con="http://eviware.com/soapui/config">&#13;
  &lt;con:entry key="login" value="vincent@airweb.fr"/>&#13;
  &lt;con:entry key="password" value="bonjour"/>&#13;
&lt;/xml-fragment></con:setting></con:settings><con:endpoint>http://localhost:3000</con:endpoint><con:request/><con:originalUri>http://localhost/products</con:originalUri><con:credentials><con:authType>No Authorization</con:authType></con:credentials><con:jmsConfig JMSDeliveryMode="PERSISTENT"/><con:jmsPropertyConfig/><con:parameters><entry key="password" value="bonjour" xmlns="http://eviware.com/soapui/config"/></con:parameters><con:parameterOrder><con:entry>login</con:entry><con:entry>password</con:entry></con:parameterOrder></con:request></con:method></con:resource><con:resource name="SetCart" path="/setCart" id="cb87aab2-2ec8-4eaa-91f9-bd025d62f504"><con:settings/><con:parameters/><con:method name="SetCart 1" id="f7b872f4-6ea9-4af9-aa6c-8f20d369375d" method="GET"><con:settings/><con:parameters><con:parameter><con:name>password</con:name><con:value>bonjour</con:value><con:style>HEADER</con:style><con:default>bonjour</con:default></con:parameter><con:parameter><con:name>cart_content</con:name><con:value>{"cart_items" : [1,2,3,4]}</con:value><con:style>HEADER</con:style><con:default>{"cart_items" : [1,2,3,4]}</con:default></con:parameter><con:parameter><con:name>login</con:name><con:value>vincent@airweb.fr</con:value><con:style>HEADER</con:style><con:default>vincent@airweb.fr</con:default></con:parameter></con:parameters><con:representation type="RESPONSE"><con:mediaType xsi:nil="true"/><con:status>200</con:status><con:params/><con:element>data</con:element></con:representation><con:representation type="RESPONSE"><con:mediaType xsi:nil="true"/><con:status>200</con:status><con:params/><con:element>data</con:element></con:representation><con:representation type="RESPONSE"><con:mediaType xsi:nil="true"/><con:status>200</con:status><con:params/><con:element>data</con:element></con:representation><con:representation type="RESPONSE"><con:mediaType xsi:nil="true"/><con:status>200</con:status><con:params/><con:element>data</con:element></con:representation><con:representation type="RESPONSE"><con:mediaType xsi:nil="true"/><con:status>200</con:status><con:params/><con:element>data</con:element></con:representation><con:representation type="RESPONSE"><con:mediaType xsi:nil="true"/><con:status>200</con:status><con:params/><con:element>data</con:element></con:representation><con:representation type="RESPONSE"><con:mediaType xsi:nil="true"/><con:status>200</con:status><con:params/><con:element>data</con:element></con:representation><con:representation type="RESPONSE"><con:mediaType xsi:nil="true"/><con:status>200</con:status><con:params/><con:element>data</con:element></con:representation><con:representation type="RESPONSE"><con:mediaType>text/html; charset=utf-8</con:mediaType><con:status>200</con:status><con:params/><con:element>html</con:element></con:representation><con:request name="set Cart content" id="977c2ab5-3ab5-4eb1-8d75-d10355849495" mediaType="application/json"><con:settings><con:setting id="com.eviware.soapui.impl.wsdl.WsdlRequest@request-headers">&lt;xml-fragment/></con:setting></con:settings><con:endpoint>http://localhost:3000</con:endpoint><con:request>lala</con:request><con:originalUri>http://localhost/setCart</con:originalUri><con:credentials><con:authType>No Authorization</con:authType></con:credentials><con:jmsConfig JMSDeliveryMode="PERSISTENT"/><con:jmsPropertyConfig/><con:parameters>
  <con:entry key="password" value="bonjour"/>
  <con:entry key="cart_content" value="{&quot;cart_items&quot; : [1,2]}"/>
  <con:entry key="login" value="vincent@airweb.fr"/>
</con:parameters><con:parameterOrder><con:entry>password</con:entry><con:entry>cart_content</con:entry><con:entry>login</con:entry></con:parameterOrder></con:request><con:request name="set Cart unidentified" id="977c2ab5-3ab5-4eb1-8d75-d10355849495" mediaType="application/json"><con:settings><con:setting id="com.eviware.soapui.impl.wsdl.WsdlRequest@request-headers">&lt;xml-fragment/></con:setting></con:settings><con:endpoint>http://localhost:3000</con:endpoint><con:request>lala</con:request><con:originalUri>http://localhost/setCart</con:originalUri><con:credentials><con:authType>No Authorization</con:authType></con:credentials><con:jmsConfig JMSDeliveryMode="PERSISTENT"/><con:jmsPropertyConfig/><con:parameters>
  <con:entry key="password" value="bonj"/>
  <con:entry key="cart_content" value="{&quot;cart_items&quot; : [1,2,3,4,5]}"/>
  <con:entry key="login" value="vincent@"/>
</con:parameters><con:parameterOrder><con:entry>password</con:entry><con:entry>cart_content</con:entry><con:entry>login</con:entry></con:parameterOrder></con:request><con:request name="set Cart content user2" id="977c2ab5-3ab5-4eb1-8d75-d10355849495" mediaType="application/json"><con:settings><con:setting id="com.eviware.soapui.impl.wsdl.WsdlRequest@request-headers">&lt;xml-fragment/></con:setting></con:settings><con:endpoint>http://localhost:3000</con:endpoint><con:request>lala</con:request><con:originalUri>http://localhost/setCart</con:originalUri><con:credentials><con:authType>No Authorization</con:authType></con:credentials><con:jmsConfig JMSDeliveryMode="PERSISTENT"/><con:jmsPropertyConfig/><con:parameters>
  <con:entry key="password" value="bonjour"/>
  <con:entry key="cart_content" value="{&quot;cart_items&quot; : [1,2,5]}"/>
  <con:entry key="login" value="samantha@airweb.fr"/>
</con:parameters><con:parameterOrder><con:entry>password</con:entry><con:entry>cart_content</con:entry><con:entry>login</con:entry></con:parameterOrder></con:request></con:method></con:resource><con:resource name="Cart" path="/cart" id="f5e098d3-7fad-4e1c-9575-2cde881849da"><con:settings/><con:parameters/><con:method name="Cart 1" id="5c003b5f-c762-4ca9-b84b-950f4a0b3b1c" method="GET"><con:settings/><con:parameters><con:parameter><con:name>password</con:name><con:value>bonjour</con:value><con:style>HEADER</con:style><con:default>bonjour</con:default></con:parameter><con:parameter><con:name>login</con:name><con:value>vincent@airweb.fr</con:value><con:style>HEADER</con:style><con:default>vincent@airweb.fr</con:default></con:parameter></con:parameters><con:representation type="RESPONSE"><con:mediaType>application/json; charset=utf-8</con:mediaType><con:status>200</con:status><con:params/><con:element xmlns:cart="http://localhost/cart">cart:Response</con:element></con:representation><con:representation type="RESPONSE"><con:mediaType xsi:nil="true"/><con:status>200</con:status><con:params/><con:element>data</con:element></con:representation><con:representation type="RESPONSE"><con:mediaType xsi:nil="true"/><con:status>200</con:status><con:params/><con:element>data</con:element></con:representation><con:representation type="RESPONSE"><con:mediaType xsi:nil="true"/><con:status>200</con:status><con:params/><con:element>data</con:element></con:representation><con:request name="get cart authentified" id="f55bb28b-3447-465f-91e5-7f42d2967311" mediaType="application/json"><con:settings><con:setting id="com.eviware.soapui.impl.wsdl.WsdlRequest@request-headers">&lt;xml-fragment/></con:setting></con:settings><con:endpoint>http://localhost:3000</con:endpoint><con:request/><con:originalUri>http://localhost/cart</con:originalUri><con:credentials><con:authType>No Authorization</con:authType></con:credentials><con:jmsConfig JMSDeliveryMode="PERSISTENT"/><con:jmsPropertyConfig/><con:parameters>
  <con:entry key="password" value="bonjour"/>
  <con:entry key="login" value="vincent@airweb.fr"/>
</con:parameters><con:parameterOrder><con:entry>password</con:entry><con:entry>login</con:entry></con:parameterOrder></con:request><con:request name="get cart authentified 2" id="f55bb28b-3447-465f-91e5-7f42d2967311" mediaType="application/json"><con:settings><con:setting id="com.eviware.soapui.impl.wsdl.WsdlRequest@request-headers">&lt;xml-fragment/></con:setting></con:settings><con:endpoint>http://localhost:3000</con:endpoint><con:request/><con:originalUri>http://localhost/cart</con:originalUri><con:credentials><con:authType>No Authorization</con:authType></con:credentials><con:jmsConfig JMSDeliveryMode="PERSISTENT"/><con:jmsPropertyConfig/><con:parameters>
  <con:entry key="password" value="bonjour"/>
  <con:entry key="login" value="samantha@airweb.fr"/>
</con:parameters><con:parameterOrder><con:entry>password</con:entry><con:entry>login</con:entry></con:parameterOrder></con:request></con:method></con:resource></con:interface><con:properties/><con:wssContainer/><con:oAuth2ProfileContainer/><con:oAuth1ProfileContainer/><con:sensitiveInformation/></con:soapui-project>